0 info it worked if it ends with ok
1 verbose cli [ '/usr/local/bin/node',
1 verbose cli   '/usr/local/bin/npm',
1 verbose cli   'run',
1 verbose cli   'publicall' ]
2 info using npm@3.10.10
3 info using node@v6.11.2
4 verbose run-script [ 'prepublicall', 'publicall', 'postpublicall' ]
5 info lifecycle lucaelsen.de-3d@1.0.0~prepublicall: lucaelsen.de-3d@1.0.0
6 silly lifecycle lucaelsen.de-3d@1.0.0~prepublicall: no script for prepublicall, continuing
7 info lifecycle lucaelsen.de-3d@1.0.0~publicall: lucaelsen.de-3d@1.0.0
8 verbose lifecycle lucaelsen.de-3d@1.0.0~publicall: unsafe-perm in lifecycle true
9 verbose lifecycle lucaelsen.de-3d@1.0.0~publicall: PATH: /usr/local/lib/node_modules/npm/bin/node-gyp-bin:/Users/lucaelsen/Documents/Programmierung/web/template-clientside-tsc-less/node_modules/.bin:/usr/local/bin:/usr/bin:/bin:/usr/sbin:/sbin
10 verbose lifecycle lucaelsen.de-3d@1.0.0~publicall: CWD: /Users/lucaelsen/Documents/Programmierung/web/template-clientside-tsc-less
11 silly lifecycle lucaelsen.de-3d@1.0.0~publicall: Args: [ '-c',
11 silly lifecycle   'npm run increaseminor && npm run cleanpublic && npm run tsbuildpublic && npm run lessbuildpublic && npm run copy-stuff-public && npm run makepublichtml' ]
12 silly lifecycle lucaelsen.de-3d@1.0.0~publicall: Returned: code: 1  signal: null
13 info lifecycle lucaelsen.de-3d@1.0.0~publicall: Failed to exec publicall script
14 verbose stack Error: lucaelsen.de-3d@1.0.0 publicall: `npm run increaseminor && npm run cleanpublic && npm run tsbuildpublic && npm run lessbuildpublic && npm run copy-stuff-public && npm run makepublichtml`
14 verbose stack Exit status 1
14 verbose stack     at EventEmitter.<anonymous> (/usr/local/lib/node_modules/npm/lib/utils/lifecycle.js:255:16)
14 verbose stack     at emitTwo (events.js:106:13)
14 verbose stack     at EventEmitter.emit (events.js:191:7)
14 verbose stack     at ChildProcess.<anonymous> (/usr/local/lib/node_modules/npm/lib/utils/spawn.js:40:14)
14 verbose stack     at emitTwo (events.js:106:13)
14 verbose stack     at ChildProcess.emit (events.js:191:7)
14 verbose stack     at maybeClose (internal/child_process.js:891:16)
14 verbose stack     at Process.ChildProcess._handle.onexit (internal/child_process.js:226:5)
15 verbose pkgid lucaelsen.de-3d@1.0.0
16 verbose cwd /Users/lucaelsen/Documents/Programmierung/web/template-clientside-tsc-less
17 error Darwin 18.7.0
18 error argv "/usr/local/bin/node" "/usr/local/bin/npm" "run" "publicall"
19 error node v6.11.2
20 error npm  v3.10.10
21 error code ELIFECYCLE
22 error lucaelsen.de-3d@1.0.0 publicall: `npm run increaseminor && npm run cleanpublic && npm run tsbuildpublic && npm run lessbuildpublic && npm run copy-stuff-public && npm run makepublichtml`
22 error Exit status 1
23 error Failed at the lucaelsen.de-3d@1.0.0 publicall script 'npm run increaseminor && npm run cleanpublic && npm run tsbuildpublic && npm run lessbuildpublic && npm run copy-stuff-public && npm run makepublichtml'.
23 error Make sure you have the latest version of node.js and npm installed.
23 error If you do, this is most likely a problem with the lucaelsen.de-3d package,
23 error not with npm itself.
23 error Tell the author that this fails on your system:
23 error     npm run increaseminor && npm run cleanpublic && npm run tsbuildpublic && npm run lessbuildpublic && npm run copy-stuff-public && npm run makepublichtml
23 error You can get information on how to open an issue for this project with:
23 error     npm bugs lucaelsen.de-3d
23 error Or if that isn't available, you can get their info via:
23 error     npm owner ls lucaelsen.de-3d
23 error There is likely additional logging output above.
24 verbose exit [ 1, true ]
